[0616/221502.181:INFO:CONSOLE(8)] "removed jaj_fxxsybhrmsbdxlrsAKodkb_Array", source:  (8)
[0616/221502.182:INFO:CONSOLE(8)] "removed jaj_fxxsybhrmsbdxlrsAKodkb_Promise", source:  (8)
[0616/221502.182:INFO:CONSOLE(8)] "removed jaj_fxxsybhrmsbdxlrsAKodkb_Symbol", source:  (8)
[0616/221503.522:INFO:CONSOLE(5808)] "LegacyDataMixin will be applied to all legacy elements.
Set `_legacyUndefinedCheck: true` on element class to enable.", source: https://www.youtube.com/s/desktop/a14aba22/jsbin/desktop_polymer.vflset/desktop_polymer.js (5808)
[0616/221503.923:INFO:CONSOLE(8)] "removed jaj_fxxsybhrmsbdxlrsAKodkb_Array", source:  (8)
[0616/221503.925:INFO:CONSOLE(8)] "removed jaj_fxxsybhrmsbdxlrsAKodkb_Promise", source:  (8)
[0616/221503.927:INFO:CONSOLE(8)] "removed jaj_fxxsybhrmsbdxlrsAKodkb_Symbol", source:  (8)
[0616/221504.681:INFO:CONSOLE(8)] "removed jaj_fxxsybhrmsbdxlrsAKodkb_Array", source:  (8)
[0616/221504.681:INFO:CONSOLE(8)] "removed jaj_fxxsybhrmsbdxlrsAKodkb_Promise", source:  (8)
[0616/221504.681:INFO:CONSOLE(8)] "removed jaj_fxxsybhrmsbdxlrsAKodkb_Symbol", source:  (8)
[0616/221504.704:INFO:CONSOLE(0)] "Refused to display 'https://accounts.google.com/' in a frame because it set 'X-Frame-Options' to 'deny'.", source: chrome-error://chromewebdata/ (0)
[0616/221508.944:INFO:CONSOLE(8)] "removed jaj_fxxsybhrmsbdxlrsAKodkb_Array", source:  (8)
[0616/221508.944:INFO:CONSOLE(8)] "removed jaj_fxxsybhrmsbdxlrsAKodkb_Promise", source:  (8)
[0616/221508.945:INFO:CONSOLE(8)] "removed jaj_fxxsybhrmsbdxlrsAKodkb_Symbol", source:  (8)
[0616/221509.230:INFO:CONSOLE(8)] "removed jaj_fxxsybhrmsbdxlrsAKodkb_Array", source:  (8)
[0616/221509.230:INFO:CONSOLE(8)] "removed jaj_fxxsybhrmsbdxlrsAKodkb_Promise", source:  (8)
[0616/221509.230:INFO:CONSOLE(8)] "removed jaj_fxxsybhrmsbdxlrsAKodkb_Symbol", source:  (8)
[0616/221509.301:ERROR:web_contents_delegate.cc(232)] WebContentsDelegate::CheckMediaAccessPermission: Not supported.
[0616/221509.301:ERROR:web_contents_delegate.cc(232)] WebContentsDelegate::CheckMediaAccessPermission: Not supported.
[0616/221509.857:INFO:CONSOLE(8)] "removed jaj_fxxsybhrmsbdxlrsAKodkb_Array", source:  (8)
[0616/221509.858:INFO:CONSOLE(8)] "removed jaj_fxxsybhrmsbdxlrsAKodkb_Promise", source:  (8)
[0616/221509.858:INFO:CONSOLE(8)] "removed jaj_fxxsybhrmsbdxlrsAKodkb_Symbol", source:  (8)
[0616/221510.508:INFO:CONSOLE(5808)] "LegacyDataMixin will be applied to all legacy elements.
Set `_legacyUndefinedCheck: true` on element class to enable.", source: https://www.youtube.com/s/desktop/a14aba22/jsbin/desktop_polymer.vflset/desktop_polymer.js (5808)
[0616/221510.911:INFO:CONSOLE(8)] "removed jaj_fxxsybhrmsbdxlrsAKodkb_Array", source:  (8)
[0616/221510.913:INFO:CONSOLE(8)] "removed jaj_fxxsybhrmsbdxlrsAKodkb_Promise", source:  (8)
[0616/221510.914:INFO:CONSOLE(8)] "removed jaj_fxxsybhrmsbdxlrsAKodkb_Symbol", source:  (8)
[0616/221512.848:INFO:CONSOLE(427)] "Event handler of 'error' event must be added on the initial evaluation of worker script.", source: https://www.youtube.com/s/desktop/a14aba22/jsbin/serviceworker-notifications.vflset/serviceworker-notifications.js (427)
[0616/221514.203:INFO:CONSOLE(0)] "The resource https://i.ytimg.com/generate_204 was preloaded using link preload but not used within a few seconds from the window's load event. Please make sure it has an appropriate `as` value and it is preloaded intentionally.", source: https://www.youtube.com/ (0)
[0616/221516.130:INFO:CONSOLE(8)] "removed jaj_fxxsybhrmsbdxlrsAKodkb_Array", source:  (8)
[0616/221516.130:INFO:CONSOLE(8)] "removed jaj_fxxsybhrmsbdxlrsAKodkb_Promise", source:  (8)
[0616/221516.130:INFO:CONSOLE(8)] "removed jaj_fxxsybhrmsbdxlrsAKodkb_Symbol", source:  (8)
[0616/221517.248:INFO:CONSOLE(8)] "removed jaj_fxxsybhrmsbdxlrsAKodkb_Array", source:  (8)
[0616/221517.248:INFO:CONSOLE(8)] "removed jaj_fxxsybhrmsbdxlrsAKodkb_Promise", source:  (8)
[0616/221517.248:INFO:CONSOLE(8)] "removed jaj_fxxsybhrmsbdxlrsAKodkb_Symbol", source:  (8)
[0616/221517.249:INFO:CONSOLE(1)] "Uncaught SyntaxError: Identifier 'objectToInspect' has already been declared", source: about:blank (1)
[0616/221517.329:ERROR:web_contents_delegate.cc(232)] WebContentsDelegate::CheckMediaAccessPermission: Not supported.
[0616/221517.329:ERROR:web_contents_delegate.cc(232)] WebContentsDelegate::CheckMediaAccessPermission: Not supported.
[0616/221520.934:INFO:CONSOLE(8)] "removed jaj_fxxsybhrmsbdxlrsAKodkb_Array", source:  (8)
[0616/221520.935:INFO:CONSOLE(8)] "removed jaj_fxxsybhrmsbdxlrsAKodkb_Promise", source:  (8)
[0616/221520.935:INFO:CONSOLE(8)] "removed jaj_fxxsybhrmsbdxlrsAKodkb_Symbol", source:  (8)
[0616/221520.936:INFO:CONSOLE(1)] "Uncaught SyntaxError: Identifier 'objectToInspect' has already been declared", source: https://studio.youtube.com/channel/UC3wCGtMkp1e-gmvHup2fxNA/videos?d=ud (1)
[0616/221527.236:INFO:CONSOLE(16913)] "LegacyDataMixin will be applied to all legacy elements.
Set `_legacyUndefinedCheck: true` on element class to enable.", source: https://studio.youtube.com/s/d0247927/creator_studio_mod_binary_core_v2.en-GB.js (16913)
[0616/221529.806:INFO:CONSOLE(8)] "removed jaj_fxxsybhrmsbdxlrsAKodkb_Array", source:  (8)
[0616/221529.806:INFO:CONSOLE(8)] "removed jaj_fxxsybhrmsbdxlrsAKodkb_Promise", source:  (8)
[0616/221529.806:INFO:CONSOLE(8)] "removed jaj_fxxsybhrmsbdxlrsAKodkb_Symbol", source:  (8)
[0616/221529.806:INFO:CONSOLE(1)] "Uncaught SyntaxError: Identifier 'objectToInspect' has already been declared", source: https://studio.youtube.com/ytscframe (1)
[0616/221529.846:INFO:CONSOLE(8)] "removed jaj_fxxsybhrmsbdxlrsAKodkb_Array", source:  (8)
[0616/221529.847:INFO:CONSOLE(8)] "removed jaj_fxxsybhrmsbdxlrsAKodkb_Promise", source:  (8)
[0616/221529.847:INFO:CONSOLE(8)] "removed jaj_fxxsybhrmsbdxlrsAKodkb_Symbol", source:  (8)
[0616/221529.847:INFO:CONSOLE(1)] "Uncaught SyntaxError: Identifier 'objectToInspect' has already been declared", source: about:blank (1)
[0616/221529.952:ERROR:web_contents_delegate.cc(232)] WebContentsDelegate::CheckMediaAccessPermission: Not supported.
[0616/221529.952:ERROR:web_contents_delegate.cc(232)] WebContentsDelegate::CheckMediaAccessPermission: Not supported.
[0616/221529.990:INFO:CONSOLE(8)] "removed jaj_fxxsybhrmsbdxlrsAKodkb_Array", source:  (8)
[0616/221529.990:INFO:CONSOLE(8)] "removed jaj_fxxsybhrmsbdxlrsAKodkb_Promise", source:  (8)
[0616/221529.991:INFO:CONSOLE(8)] "removed jaj_fxxsybhrmsbdxlrsAKodkb_Symbol", source:  (8)
[0616/221529.991:INFO:CONSOLE(1)] "Uncaught SyntaxError: Identifier 'objectToInspect' has already been declared", source: about:blank (1)
[0616/221530.098:ERROR:web_contents_delegate.cc(232)] WebContentsDelegate::CheckMediaAccessPermission: Not supported.
[0616/221530.098:ERROR:web_contents_delegate.cc(232)] WebContentsDelegate::CheckMediaAccessPermission: Not supported.
[0616/221532.504:INFO:CONSOLE(8)] "removed jaj_fxxsybhrmsbdxlrsAKodkb_Array", source:  (8)
[0616/221532.504:INFO:CONSOLE(8)] "removed jaj_fxxsybhrmsbdxlrsAKodkb_Promise", source:  (8)
[0616/221532.504:INFO:CONSOLE(8)] "removed jaj_fxxsybhrmsbdxlrsAKodkb_Symbol", source:  (8)
[0616/221532.504:INFO:CONSOLE(1)] "Uncaught SyntaxError: Identifier 'objectToInspect' has already been declared", source: https://realtimesupport.youtube.com/static/proxy.html?usegapi=1&jsh=m%3B%2F_%2Fscs%2Fabc-static%2F_%2Fjs%2Fk%3Dgapi.gapi.en.BYmJjssVfqI.O%2Fd%3D1%2Frs%3DAHpOoo80_DzWbqWOZXEixUAk9-Z2HYlC7A%2Fm%3D__features__#parent=https%3A%2F%2Fstudio.youtube.com&rpctoken=780976431 (1)
[0616/221535.913:INFO:CONSOLE(8)] "removed jaj_fxxsybhrmsbdxlrsAKodkb_Array", source:  (8)
[0616/221535.913:INFO:CONSOLE(8)] "removed jaj_fxxsybhrmsbdxlrsAKodkb_Promise", source:  (8)
[0616/221535.913:INFO:CONSOLE(8)] "removed jaj_fxxsybhrmsbdxlrsAKodkb_Symbol", source:  (8)
[0616/221535.914:INFO:CONSOLE(1)] "Uncaught SyntaxError: Identifier 'objectToInspect' has already been declared", source: about:blank (1)
[0616/221535.993:ERROR:web_contents_delegate.cc(232)] WebContentsDelegate::CheckMediaAccessPermission: Not supported.
[0616/221535.993:ERROR:web_contents_delegate.cc(232)] WebContentsDelegate::CheckMediaAccessPermission: Not supported.
[0616/221536.808:INFO:CONSOLE(8)] "removed jaj_fxxsybhrmsbdxlrsAKodkb_Array", source:  (8)
[0616/221536.808:INFO:CONSOLE(8)] "removed jaj_fxxsybhrmsbdxlrsAKodkb_Promise", source:  (8)
[0616/221536.808:INFO:CONSOLE(8)] "removed jaj_fxxsybhrmsbdxlrsAKodkb_Symbol", source:  (8)
[0616/221536.808:INFO:CONSOLE(1)] "Uncaught SyntaxError: Identifier 'objectToInspect' has already been declared", source: https://casespartner-pa.youtube.com/static/proxy.html?usegapi=1&jsh=m%3B%2F_%2Fscs%2Fabc-static%2F_%2Fjs%2Fk%3Dgapi.gapi.en.BYmJjssVfqI.O%2Fd%3D1%2Frs%3DAHpOoo80_DzWbqWOZXEixUAk9-Z2HYlC7A%2Fm%3D__features__#parent=https%3A%2F%2Fstudio.youtube.com&rpctoken=744542806 (1)
[0616/221544.667:INFO:CONSOLE(8)] "removed jaj_fxxsybhrmsbdxlrsAKodkb_Array", source:  (8)
[0616/221544.668:INFO:CONSOLE(8)] "removed jaj_fxxsybhrmsbdxlrsAKodkb_Promise", source:  (8)
[0616/221544.668:INFO:CONSOLE(8)] "removed jaj_fxxsybhrmsbdxlrsAKodkb_Symbol", source:  (8)
[0616/221544.669:INFO:CONSOLE(1)] "Uncaught SyntaxError: Identifier 'objectToInspect' has already been declared", source: https://www.youtube.com/ (1)
[0616/221548.713:INFO:CONSOLE(5808)] "LegacyDataMixin will be applied to all legacy elements.
Set `_legacyUndefinedCheck: true` on element class to enable.", source: https://www.youtube.com/s/desktop/a14aba22/jsbin/desktop_polymer.vflset/desktop_polymer.js (5808)
[0616/221549.171:INFO:CONSOLE(8)] "removed jaj_fxxsybhrmsbdxlrsAKodkb_Array", source:  (8)
[0616/221549.173:INFO:CONSOLE(8)] "removed jaj_fxxsybhrmsbdxlrsAKodkb_Promise", source:  (8)
[0616/221549.175:INFO:CONSOLE(8)] "removed jaj_fxxsybhrmsbdxlrsAKodkb_Symbol", source:  (8)
[0616/221549.176:INFO:CONSOLE(1)] "Uncaught SyntaxError: Identifier 'objectToInspect' has already been declared", source: about:blank (1)
[0616/221551.128:INFO:CONSOLE(8)] "removed jaj_fxxsybhrmsbdxlrsAKodkb_Array", source:  (8)
[0616/221551.128:INFO:CONSOLE(8)] "removed jaj_fxxsybhrmsbdxlrsAKodkb_Promise", source:  (8)
[0616/221551.128:INFO:CONSOLE(8)] "removed jaj_fxxsybhrmsbdxlrsAKodkb_Symbol", source:  (8)
[0616/221551.128:INFO:CONSOLE(1)] "Uncaught SyntaxError: Identifier 'objectToInspect' has already been declared", source: about:blank (1)
[0616/221552.389:INFO:CONSOLE(8)] "removed jaj_fxxsybhrmsbdxlrsAKodkb_Array", source:  (8)
[0616/221552.391:INFO:CONSOLE(8)] "removed jaj_fxxsybhrmsbdxlrsAKodkb_Promise", source:  (8)
[0616/221552.391:INFO:CONSOLE(8)] "removed jaj_fxxsybhrmsbdxlrsAKodkb_Symbol", source:  (8)
[0616/221552.392:INFO:CONSOLE(1)] "Uncaught SyntaxError: Identifier 'objectToInspect' has already been declared", source: about:blank (1)
[0616/221552.536:ERROR:web_contents_delegate.cc(232)] WebContentsDelegate::CheckMediaAccessPermission: Not supported.
[0616/221552.536:ERROR:web_contents_delegate.cc(232)] WebContentsDelegate::CheckMediaAccessPermission: Not supported.
[0616/221558.582:INFO:CONSOLE(0)] "The resource https://i.ytimg.com/generate_204 was preloaded using link preload but not used within a few seconds from the window's load event. Please make sure it has an appropriate `as` value and it is preloaded intentionally.", source: https://www.youtube.com/ (0)
[0616/221604.392:INFO:CONSOLE(0)] "The resource https://i.ytimg.com/generate_204 was preloaded using link preload but not used within a few seconds from the window's load event. Please make sure it has an appropriate `as` value and it is preloaded intentionally.", source: https://www.youtube.com/ (0)
[0616/221625.349:INFO:CONSOLE(0)] "The resource https://i.ytimg.com/generate_204 was preloaded using link preload but not used within a few seconds from the window's load event. Please make sure it has an appropriate `as` value and it is preloaded intentionally.", source: https://www.youtube.com/ (0)
[0616/221633.011:INFO:CONSOLE(0)] "The resource https://i.ytimg.com/generate_204 was preloaded using link preload but not used within a few seconds from the window's load event. Please make sure it has an appropriate `as` value and it is preloaded intentionally.", source: https://www.youtube.com/ (0)
[0616/221658.272:INFO:CONSOLE(0)] "The resource https://i.ytimg.com/generate_204 was preloaded using link preload but not used within a few seconds from the window's load event. Please make sure it has an appropriate `as` value and it is preloaded intentionally.", source: https://www.youtube.com/ (0)
[0616/221731.518:INFO:CONSOLE(0)] "The resource https://i.ytimg.com/generate_204 was preloaded using link preload but not used within a few seconds from the window's load event. Please make sure it has an appropriate `as` value and it is preloaded intentionally.", source: https://www.youtube.com/ (0)
[0616/221755.528:INFO:CONSOLE(0)] "The resource https://i.ytimg.com/generate_204 was preloaded using link preload but not used within a few seconds from the window's load event. Please make sure it has an appropriate `as` value and it is preloaded intentionally.", source: https://www.youtube.com/ (0)
[0616/222631.552:INFO:CONSOLE(0)] "The resource https://i.ytimg.com/generate_204 was preloaded using link preload but not used within a few seconds from the window's load event. Please make sure it has an appropriate `as` value and it is preloaded intentionally.", source: https://www.youtube.com/ (0)
[0616/223634.669:INFO:CONSOLE(0)] "The resource https://i.ytimg.com/generate_204 was preloaded using link preload but not used within a few seconds from the window's load event. Please make sure it has an appropriate `as` value and it is preloaded intentionally.", source: https://www.youtube.com/ (0)
[0616/224556.388:INFO:CONSOLE(0)] "The resource https://i.ytimg.com/generate_204 was preloaded using link preload but not used within a few seconds from the window's load event. Please make sure it has an appropriate `as` value and it is preloaded intentionally.", source: https://www.youtube.com/ (0)
[0616/224632.381:INFO:CONSOLE(0)] "The resource https://i.ytimg.com/generate_204 was preloaded using link preload but not used within a few seconds from the window's load event. Please make sure it has an appropriate `as` value and it is preloaded intentionally.", source: https://www.youtube.com/ (0)
[0616/225634.693:INFO:CONSOLE(0)] "The resource https://i.ytimg.com/generate_204 was preloaded using link preload but not used within a few seconds from the window's load event. Please make sure it has an appropriate `as` value and it is preloaded intentionally.", source: https://www.youtube.com/ (0)
[0616/230634.679:INFO:CONSOLE(0)] "The resource https://i.ytimg.com/generate_204 was preloaded using link preload but not used within a few seconds from the window's load event. Please make sure it has an appropriate `as` value and it is preloaded intentionally.", source: https://www.youtube.com/ (0)
[0616/231558.960:INFO:CONSOLE(0)] "The resource https://i.ytimg.com/generate_204 was preloaded using link preload but not used within a few seconds from the window's load event. Please make sure it has an appropriate `as` value and it is preloaded intentionally.", source: https://www.youtube.com/ (0)
[0616/231632.351:INFO:CONSOLE(0)] "The resource https://i.ytimg.com/generate_204 was preloaded using link preload but not used within a few seconds from the window's load event. Please make sure it has an appropriate `as` value and it is preloaded intentionally.", source: https://www.youtube.com/ (0)
[0616/234601.515:INFO:CONSOLE(0)] "The resource https://i.ytimg.com/generate_204 was preloaded using link preload but not used within a few seconds from the window's load event. Please make sure it has an appropriate `as` value and it is preloaded intentionally.", source: https://www.youtube.com/ (0)
[0616/234639.221:INFO:CONSOLE(0)] "The resource https://i.ytimg.com/generate_204 was preloaded using link preload but not used within a few seconds from the window's load event. Please make sure it has an appropriate `as` value and it is preloaded intentionally.", source: https://www.youtube.com/ (0)
